<?xml version="1.0" encoding="UTF-8"?>
<testng-results ignored="0" total="1" passed="1" failed="0" skipped="0">
  <reporter-output>
  </reporter-output>
  <suite started-at="2025-02-23T13:03:57 IST" name="Default suite" finished-at="2025-02-23T13:04:00 IST" duration-ms="2783">
    <groups>
    </groups>
    <test started-at="2025-02-23T13:03:57 IST" name="Default test" finished-at="2025-02-23T13:04:00 IST" duration-ms="2783">
      <class name="Deno">
        <test-method signature="denoTest()[pri:0, instance:Deno@477b4cdf]" started-at="2025-02-23T13:03:57 IST" name="denoTest" finished-at="2025-02-23T13:04:00 IST" duration-ms="2745" status="PASS">
          <reporter-output>
          </reporter-output>
        </test-method> <!-- denoTest -->
      </class> <!-- Deno -->
    </test> <!-- Default test -->
  </suite> <!-- Default suite -->
</testng-results>
